# JRE version: OpenJDK Runtime Environment (8.0_242-b01) (build 1.8.0_242-release-1644-b01)
# Java VM: OpenJDK 64-Bit Server VM (25.242-b01 mixed mode windows-amd64 compressed oops)
Heap:
 PSYoungGen      total 266752K, used 170813K [0x00000000d5580000, 0x00000000e9d80000, 0x0000000100000000)
  eden space 236544K, 59% used [0x00000000d5580000,0x00000000dded44e8,0x00000000e3c80000)
  from space 30208K, 99% used [0x00000000e8000000,0x00000000e9d7b108,0x00000000e9d80000)
  to   space 37888K, 0% used [0x00000000e5380000,0x00000000e5380000,0x00000000e7880000)
 ParOldGen       total 144384K, used 58900K [0x0000000080000000, 0x0000000088d00000, 0x00000000d5580000)
  object space 144384K, 40% used [0x0000000080000000,0x0000000083985330,0x0000000088d00000)
 Metaspace       used 83449K, capacity 87884K, committed 88064K, reserved 1126400K
  class space    used 11097K, capacity 12000K, committed 12032K, reserved 1048576K
GC Heap History (10 events):
Event: 20.845 GC heap before
{Heap before GC invocations=11 (full 2):
 PSYoungGen      total 206848K, used 203541K [0x00000000d5580000, 0x00000000e3100000, 0x0000000100000000)
  eden space 195072K, 98% used [0x00000000d5580000,0x00000000e11b7540,0x00000000e1400000)
  from space 11776K, 91% used [0x00000000e2580000,0x00000000e300e298,0x00000000e3100000)
  to   space 14848K, 0% used [0x00000000e1400000,0x00000000e1400000,0x00000000e2280000)
 ParOldGen       total 89600K, used 18863K [0x0000000080000000, 0x0000000085780000, 0x00000000d5580000)
  object space 89600K, 21% used [0x0000000080000000,0x000000008126bce0,0x0000000085780000)
 Metaspace       used 56542K, capacity 58994K, committed 59096K, reserved 1099776K
  class space    used 7700K, capacity 8232K, committed 8320K, reserved 1048576K
Event: 20.909 GC heap after
Heap after GC invocations=11 (full 2):
 PSYoungGen      total 209920K, used 14844K [0x00000000d5580000, 0x00000000e7980000, 0x0000000100000000)
  eden space 195072K, 0% used [0x00000000d5580000,0x00000000d5580000,0x00000000e1400000)
  from space 14848K, 99% used [0x00000000e1400000,0x00000000e227f320,0x00000000e2280000)
  to   space 23040K, 0% used [0x00000000e6300000,0x00000000e6300000,0x00000000e7980000)
 ParOldGen       total 89600K, used 34234K [0x0000000080000000, 0x0000000085780000, 0x00000000d5580000)
  object space 89600K, 38% used [0x0000000080000000,0x000000008216e888,0x0000000085780000)
 Metaspace       used 56542K, capacity 58994K, committed 59096K, reserved 1099776K
  class space    used 7700K, capacity 8232K, committed 8320K, reserved 1048576K
}
Event: 20.909 GC heap before
{Heap before GC invocations=12 (full 3):
 PSYoungGen      total 209920K, used 14844K [0x00000000d5580000, 0x00000000e7980000, 0x0000000100000000)
  eden space 195072K, 0% used [0x00000000d5580000,0x00000000d5580000,0x00000000e1400000)
  from space 14848K, 99% used [0x00000000e1400000,0x00000000e227f320,0x00000000e2280000)
  to   space 23040K, 0% used [0x00000000e6300000,0x00000000e6300000,0x00000000e7980000)
 ParOldGen       total 89600K, used 34234K [0x0000000080000000, 0x0000000085780000, 0x00000000d5580000)
  object space 89600K, 38% used [0x0000000080000000,0x000000008216e888,0x0000000085780000)
 Metaspace       used 56542K, capacity 58994K, committed 59096K, reserved 1099776K
  class space    used 7700K, capacity 8232K, committed 8320K, reserved 1048576K
Event: 21.260 GC heap after
Heap after GC invocations=12 (full 3):
 PSYoungGen      total 209920K, used 0K [0x00000000d5580000, 0x00000000e7980000, 0x0000000100000000)
  eden space 195072K, 0% used [0x00000000d5580000,0x00000000d5580000,0x00000000e1400000)
  from space 14848K, 0% used [0x00000000e1400000,0x00000000e1400000,0x00000000e2280000)
  to   space 23040K, 0% used [0x00000000e6300000,0x00000000e6300000,0x00000000e7980000)
 ParOldGen       total 144384K, used 43716K [0x0000000080000000, 0x0000000088d00000, 0x00000000d5580000)
  object space 144384K, 30% used [0x0000000080000000,0x0000000082ab13c8,0x0000000088d00000)
 Metaspace       used 56522K, capacity 58928K, committed 59096K, reserved 1099776K
  class space    used 7693K, capacity 8221K, committed 8320K, reserved 1048576K
}
Event: 25.220 GC heap before
{Heap before GC invocations=13 (full 3):
 PSYoungGen      total 209920K, used 195072K [0x00000000d5580000, 0x00000000e7980000, 0x0000000100000000)
  eden space 195072K, 100% used [0x00000000d5580000,0x00000000e1400000,0x00000000e1400000)
  from space 14848K, 0% used [0x00000000e1400000,0x00000000e1400000,0x00000000e2280000)
  to   space 23040K, 0% used [0x00000000e6300000,0x00000000e6300000,0x00000000e7980000)
 ParOldGen       total 144384K, used 43716K [0x0000000080000000, 0x0000000088d00000, 0x00000000d5580000)
  object space 144384K, 30% used [0x0000000080000000,0x0000000082ab13e8,0x0000000088d00000)
 Metaspace       used 66892K, capacity 69778K, committed 70016K, reserved 1110016K
  class space    used 9219K, capacity 9837K, committed 9856K, reserved 1048576K
Event: 25.252 GC heap after
Heap after GC invocations=13 (full 3):
 PSYoungGen      total 252928K, used 17031K [0x00000000d5580000, 0x00000000e7400000, 0x0000000100000000)
  eden space 235520K, 0% used [0x00000000d5580000,0x00000000d5580000,0x00000000e3b80000)
  from space 17408K, 97% used [0x00000000e6300000,0x00000000e73a1cd0,0x00000000e7400000)
  to   space 24064K, 0% used [0x00000000e4500000,0x00000000e4500000,0x00000000e5c80000)
 ParOldGen       total 144384K, used 43724K [0x0000000080000000, 0x0000000088d00000, 0x00000000d5580000)
  object space 144384K, 30% used [0x0000000080000000,0x0000000082ab33e8,0x0000000088d00000)
 Metaspace       used 66892K, capacity 69778K, committed 70016K, reserved 1110016K
  class space    used 9219K, capacity 9837K, committed 9856K, reserved 1048576K
}
Event: 1065.550 GC heap before
{Heap before GC invocations=14 (full 3):
 PSYoungGen      total 252928K, used 252551K [0x00000000d5580000, 0x00000000e7400000, 0x0000000100000000)
  eden space 235520K, 100% used [0x00000000d5580000,0x00000000e3b80000,0x00000000e3b80000)
  from space 17408K, 97% used [0x00000000e6300000,0x00000000e73a1cd0,0x00000000e7400000)
  to   space 24064K, 0% used [0x00000000e4500000,0x00000000e4500000,0x00000000e5c80000)
 ParOldGen       total 144384K, used 43734K [0x0000000080000000, 0x0000000088d00000, 0x00000000d5580000)
  object space 144384K, 30% used [0x0000000080000000,0x0000000082ab5960,0x0000000088d00000)
 Metaspace       used 79569K, capacity 83514K, committed 83840K, reserved 1122304K
  class space    used 10733K, capacity 11575K, committed 11648K, reserved 1048576K
Event: 1065.605 GC heap after
Heap after GC invocations=14 (full 3):
 PSYoungGen      total 269312K, used 24033K [0x00000000d5580000, 0x00000000e9d80000, 0x0000000100000000)
  eden space 245248K, 0% used [0x00000000d5580000,0x00000000d5580000,0x00000000e4500000)
  from space 24064K, 99% used [0x00000000e4500000,0x00000000e5c784d8,0x00000000e5c80000)
  to   space 30208K, 0% used [0x00000000e8000000,0x00000000e8000000,0x00000000e9d80000)
 ParOldGen       total 144384K, used 50910K [0x0000000080000000, 0x0000000088d00000, 0x00000000d5580000)
  object space 144384K, 35% used [0x0000000080000000,0x00000000831b7a08,0x0000000088d00000)
 Metaspace       used 79569K, capacity 83514K, committed 83840K, reserved 1122304K
  class space    used 10733K, capacity 11575K, committed 11648K, reserved 1048576K
}
Event: 2009.138 GC heap before
{Heap before GC invocations=15 (full 3):
 PSYoungGen      total 269312K, used 269281K [0x00000000d5580000, 0x00000000e9d80000, 0x0000000100000000)
  eden space 245248K, 100% used [0x00000000d5580000,0x00000000e4500000,0x00000000e4500000)
  from space 24064K, 99% used [0x00000000e4500000,0x00000000e5c784d8,0x00000000e5c80000)
  to   space 30208K, 0% used [0x00000000e8000000,0x00000000e8000000,0x00000000e9d80000)
 ParOldGen       total 144384K, used 50910K [0x0000000080000000, 0x0000000088d00000, 0x00000000d5580000)
  object space 144384K, 35% used [0x0000000080000000,0x00000000831b7a08,0x0000000088d00000)
 Metaspace       used 82559K, capacity 86966K, committed 87296K, reserved 1124352K
  class space    used 11020K, capacity 11921K, committed 12032K, reserved 1048576K
Event: 2009.236 GC heap after
Heap after GC invocations=15 (full 3):
 PSYoungGen      total 266752K, used 30188K [0x00000000d5580000, 0x00000000e9d80000, 0x0000000100000000)
  eden space 236544K, 0% used [0x00000000d5580000,0x00000000d5580000,0x00000000e3c80000)
  from space 30208K, 99% used [0x00000000e8000000,0x00000000e9d7b108,0x00000000e9d80000)
  to   space 37888K, 0% used [0x00000000e5380000,0x00000000e5380000,0x00000000e7880000)
 ParOldGen       total 144384K, used 58900K [0x0000000080000000, 0x0000000088d00000, 0x00000000d5580000)
  object space 144384K, 40% used [0x0000000080000000,0x0000000083985330,0x0000000088d00000)
 Metaspace       used 82559K, capacity 86966K, committed 87296K, reserved 1124352K
  class space    used 11020K, capacity 11921K, committed 12032K, reserved 1048576K
}

